Using CUDA clear timer 0.0s

Running on real data
Loading training data...Initializing JetGraphDataset with real data
[array([ 0.00044769,  0.00166626, -0.00253174, -0.01861328,  0.00431396],
       dtype=float32)
 array([-0.00223022, -0.01301758,  0.00098816, -0.00367676,  0.00467773],
       dtype=float32)
 array([-0.9812779 , -0.9569624 , -0.7391884 , -0.9651569 , -0.94475114],
       dtype=float32)
 array([-0.8741722 , -0.88991976, -0.9677419 , -1.1396832 , -1.2314218 ],
       dtype=float32)
 array([ 4.8828125, 25.       ,  1.7265625,  1.0566406,  2.2636719],
       dtype=float32)
 array([-1,  1,  1,  1, -1], dtype=int32)]
node_feats_i.shape: (6, 1)
jet_feats_i.shape: (4, 1)
set_: [[array([-1.1332916e-05,  7.4913121e-05, -2.2220697e-04, -1.3604041e-03,
          2.6230872e-04], dtype=float32)
  array([-5.6876917e-04, -1.5780187e-03, -2.6766176e-04, -7.0410466e-04,
          7.7529694e-05], dtype=float32)
  array([-0.5386694 , -0.52528507, -0.40541235, -0.5297957 , -0.51856345],
        dtype=float32)
  array([-0.46511334, -0.47344658, -0.5146283 , -0.6056158 , -0.6541618 ],
        dtype=float32)
  array([-0.04737279,  2.6406024 , -0.46909785, -0.55861   , -0.3973315 ],
        dtype=float32)
  array([-0.99984338,  1.00015662,  1.00015662,  1.00015662, -0.99984338])
  array([0.24399738], dtype=float32) array([-0.7595031], dtype=float32)
  array([-0.5067804], dtype=float32) array([0.5948991], dtype=float32)]]
